<?xml version="1.0" encoding="UTF-8"?>
<!-- Generated by org.testng.reporters.JUnitReportReporter -->
<testsuite hostname="Gauris-MacBook-Pro.local" failures="0" tests="1" name="com.pdf.selenium.tests.PDFreader" time="1.174" errors="0" timestamp="2023-03-26T13:58:09 EDT" skipped="0">
  <testcase classname="com.pdf.selenium.tests.PDFreader" name="pdfReaderPageCountTest" time="1.174"/>
  <system-out/>
</testsuite> <!-- com.pdf.selenium.tests.PDFreader -->
