<?xml version="1.0" encoding="UTF-8"?>
<!-- Generated by org.testng.reporters.JUnitReportReporter -->
<testsuite hostname="Gauris-MacBook-Pro.local" failures="0" tests="1" name="com.pdf.selenium.tests.PdfInBrowser" time="16.519" errors="0" timestamp="2023-03-26T15:59:01 EDT" skipped="0">
  <testcase classname="com.pdf.selenium.tests.PdfInBrowser" name="pdfInsameBrowserTest" time="16.519"/>
  <system-out/>
</testsuite> <!-- com.pdf.selenium.tests.PdfInBrowser -->
